Copyright 1986-2022 Xilinx, Inc. All Rights Reserved. Copyright 2022-2024 Advanced Micro Devices, Inc. All Rights Reserved.
---------------------------------------------------------------------------------------------------------------------------------------------
| Tool Version : Vivado v.2024.2 (win64) Build 5239630 Fri Nov 08 22:35:27 MST 2024
| Date         : Sun Sep 28 05:07:40 2025
| Host         : DESKTOP-14L5F10 running 64-bit major release  (build 9200)
---------------------------------------------------------------------------------------------------------------------------------------------

RTL Linter Report

Table of Contents
-----------------
1. Summary
2. Expanded

1. Summary
----------

+---------+----------+--------------+----------+------------------+
| Rule ID | Severity | # Violations | # Waived | Message Template |
+---------+----------+--------------+----------+------------------+


2. Expanded
-----------

+---------+-------------+----------+------+---------------+----------+-------------+
| Rule ID | description | rtl_name | info | rtl_hierarchy | rtl_file | Line number |
+---------+-------------+----------+------+---------------+----------+-------------+
* create_waiver can be used to apply waiver to linter violations.
** For example, create_waiver -type LINT -id RULE_ID {-rtl_name RTL_NAME} {-rtl_hierarchy RTL_MODULE_NAME} {-rtl_file RTL_FILE_NAME}.


